{"C:\\reprograma\\projeto-final-reprograma\\src\\evento\\evento.js": {"path":"C:\\reprograma\\projeto-final-reprograma\\src\\evento\\evento.js","statementMap":{"0":{"start":{"line":3,"column":21},"end":{"line":3,"column":23}},"1":{"start":{"line":6,"column":28},"end":{"line":6,"column":30}},"2":{"start":{"line":9,"column":8},"end":{"line":9,"column":45}},"3":{"start":{"line":10,"column":8},"end":{"line":10,"column":44}},"4":{"start":{"line":11,"column":8},"end":{"line":11,"column":31}},"5":{"start":{"line":12,"column":8},"end":{"line":12,"column":41}},"6":{"start":{"line":16,"column":8},"end":{"line":22,"column":9}},"7":{"start":{"line":16,"column":43},"end":{"line":16,"column":58}},"8":{"start":{"line":17,"column":12},"end":{"line":17,"column":55}},"9":{"start":{"line":18,"column":12},"end":{"line":18,"column":25}},"10":{"start":{"line":20,"column":12},"end":{"line":20,"column":46}},"11":{"start":{"line":21,"column":12},"end":{"line":21,"column":24}},"12":{"start":{"line":26,"column":23},"end":{"line":26,"column":66}},"13":{"start":{"line":27,"column":8},"end":{"line":34,"column":9}},"14":{"start":{"line":28,"column":12},"end":{"line":28,"column":50}},"15":{"start":{"line":29,"column":12},"end":{"line":29,"column":41}},"16":{"start":{"line":30,"column":12},"end":{"line":30,"column":24}},"17":{"start":{"line":32,"column":12},"end":{"line":32,"column":49}},"18":{"start":{"line":33,"column":12},"end":{"line":33,"column":25}},"19":{"start":{"line":38,"column":8},"end":{"line":38,"column":35}},"20":{"start":{"line":42,"column":8},"end":{"line":42,"column":39}},"21":{"start":{"line":46,"column":23},"end":{"line":46,"column":58}},"22":{"start":{"line":47,"column":8},"end":{"line":54,"column":9}},"23":{"start":{"line":48,"column":12},"end":{"line":48,"column":52}},"24":{"start":{"line":49,"column":12},"end":{"line":49,"column":44}},"25":{"start":{"line":50,"column":12},"end":{"line":50,"column":24}},"26":{"start":{"line":52,"column":12},"end":{"line":52,"column":52}},"27":{"start":{"line":53,"column":12},"end":{"line":53,"column":25}},"28":{"start":{"line":58,"column":0},"end":{"line":58,"column":26}}},"fnMap":{"0":{"name":"(anonymous_0)","decl":{"start":{"line":8,"column":4},"end":{"line":8,"column":5}},"loc":{"start":{"line":8,"column":52},"end":{"line":13,"column":5}},"line":8},"1":{"name":"(anonymous_1)","decl":{"start":{"line":15,"column":4},"end":{"line":15,"column":5}},"loc":{"start":{"line":15,"column":30},"end":{"line":23,"column":5}},"line":15},"2":{"name":"(anonymous_2)","decl":{"start":{"line":16,"column":36},"end":{"line":16,"column":37}},"loc":{"start":{"line":16,"column":43},"end":{"line":16,"column":58}},"line":16},"3":{"name":"(anonymous_3)","decl":{"start":{"line":25,"column":4},"end":{"line":25,"column":5}},"loc":{"start":{"line":25,"column":37},"end":{"line":35,"column":5}},"line":25},"4":{"name":"(anonymous_4)","decl":{"start":{"line":37,"column":4},"end":{"line":37,"column":5}},"loc":{"start":{"line":37,"column":31},"end":{"line":39,"column":5}},"line":37},"5":{"name":"(anonymous_5)","decl":{"start":{"line":41,"column":4},"end":{"line":41,"column":5}},"loc":{"start":{"line":41,"column":32},"end":{"line":43,"column":5}},"line":41},"6":{"name":"(anonymous_6)","decl":{"start":{"line":45,"column":4},"end":{"line":45,"column":5}},"loc":{"start":{"line":45,"column":20},"end":{"line":55,"column":5}},"line":45}},"branchMap":{"0":{"loc":{"start":{"line":16,"column":8},"end":{"line":22,"column":9}},"type":"if","locations":[{"start":{"line":16,"column":8},"end":{"line":22,"column":9}},{"start":{"line":19,"column":15},"end":{"line":22,"column":9}}],"line":16},"1":{"loc":{"start":{"line":27,"column":8},"end":{"line":34,"column":9}},"type":"if","locations":[{"start":{"line":27,"column":8},"end":{"line":34,"column":9}},{"start":{"line":31,"column":15},"end":{"line":34,"column":9}}],"line":27},"2":{"loc":{"start":{"line":47,"column":8},"end":{"line":54,"column":9}},"type":"if","locations":[{"start":{"line":47,"column":8},"end":{"line":54,"column":9}},{"start":{"line":51,"column":15},"end":{"line":54,"column":9}}],"line":47}},"s":{"0":7,"1":3,"2":7,"3":7,"4":7,"5":7,"6":2,"7":2,"8":0,"9":0,"10":2,"11":2,"12":1,"13":1,"14":1,"15":1,"16":1,"17":0,"18":0,"19":1,"20":1,"21":1,"22":1,"23":1,"24":1,"25":1,"26":0,"27":0,"28":3},"f":{"0":7,"1":2,"2":2,"3":1,"4":1,"5":1,"6":1},"b":{"0":[0,2],"1":[1,0],"2":[1,0]},"_coverageSchema":"1a1c01bbd47fc00a2c39e90264f33305004495a9","hash":"43db06be927593d0a8a026b0ab331dcabada4f33"}
,"C:\\reprograma\\projeto-final-reprograma\\src\\mentoria\\mentoria.js": {"path":"C:\\reprograma\\projeto-final-reprograma\\src\\mentoria\\mentoria.js","statementMap":{"0":{"start":{"line":1,"column":17},"end":{"line":1,"column":44}},"1":{"start":{"line":8,"column":8},"end":{"line":8,"column":50}},"2":{"start":{"line":9,"column":8},"end":{"line":9,"column":31}},"3":{"start":{"line":10,"column":8},"end":{"line":10,"column":35}},"4":{"start":{"line":14,"column":0},"end":{"line":14,"column":28}}},"fnMap":{"0":{"name":"(anonymous_0)","decl":{"start":{"line":7,"column":4},"end":{"line":7,"column":5}},"loc":{"start":{"line":7,"column":72},"end":{"line":11,"column":5}},"line":7}},"branchMap":{},"s":{"0":2,"1":2,"2":2,"3":2,"4":2},"f":{"0":2},"b":{},"_coverageSchema":"1a1c01bbd47fc00a2c39e90264f33305004495a9","hash":"93427862bff976d08f97a2920b7962daef867f9c"}
,"C:\\reprograma\\projeto-final-reprograma\\src\\usuaria\\usuaria.js": {"path":"C:\\reprograma\\projeto-final-reprograma\\src\\usuaria\\usuaria.js","statementMap":{"0":{"start":{"line":1,"column":19},"end":{"line":1,"column":50}},"1":{"start":{"line":12,"column":29},"end":{"line":12,"column":31}},"2":{"start":{"line":15,"column":8},"end":{"line":15,"column":25}},"3":{"start":{"line":16,"column":8},"end":{"line":16,"column":49}},"4":{"start":{"line":17,"column":8},"end":{"line":17,"column":27}},"5":{"start":{"line":18,"column":8},"end":{"line":18,"column":59}},"6":{"start":{"line":19,"column":8},"end":{"line":19,"column":37}},"7":{"start":{"line":20,"column":8},"end":{"line":20,"column":34}},"8":{"start":{"line":21,"column":8},"end":{"line":21,"column":38}},"9":{"start":{"line":22,"column":8},"end":{"line":22,"column":29}},"10":{"start":{"line":23,"column":8},"end":{"line":26,"column":11}},"11":{"start":{"line":31,"column":8},"end":{"line":31,"column":51}},"12":{"start":{"line":35,"column":23},"end":{"line":35,"column":68}},"13":{"start":{"line":36,"column":8},"end":{"line":43,"column":9}},"14":{"start":{"line":37,"column":12},"end":{"line":37,"column":54}},"15":{"start":{"line":38,"column":12},"end":{"line":38,"column":57}},"16":{"start":{"line":39,"column":12},"end":{"line":39,"column":24}},"17":{"start":{"line":41,"column":12},"end":{"line":41,"column":65}},"18":{"start":{"line":42,"column":12},"end":{"line":42,"column":25}},"19":{"start":{"line":47,"column":8},"end":{"line":47,"column":45}},"20":{"start":{"line":51,"column":23},"end":{"line":51,"column":62}},"21":{"start":{"line":52,"column":8},"end":{"line":59,"column":9}},"22":{"start":{"line":53,"column":12},"end":{"line":53,"column":51}},"23":{"start":{"line":54,"column":12},"end":{"line":54,"column":54}},"24":{"start":{"line":55,"column":12},"end":{"line":55,"column":24}},"25":{"start":{"line":57,"column":12},"end":{"line":57,"column":62}},"26":{"start":{"line":58,"column":12},"end":{"line":58,"column":25}},"27":{"start":{"line":63,"column":8},"end":{"line":63,"column":42}},"28":{"start":{"line":67,"column":8},"end":{"line":67,"column":65}},"29":{"start":{"line":68,"column":8},"end":{"line":68,"column":74}},"30":{"start":{"line":73,"column":8},"end":{"line":77,"column":10}},"31":{"start":{"line":74,"column":12},"end":{"line":76,"column":13}},"32":{"start":{"line":75,"column":16},"end":{"line":75,"column":60}},"33":{"start":{"line":79,"column":8},"end":{"line":85,"column":9}},"34":{"start":{"line":80,"column":12},"end":{"line":80,"column":81}},"35":{"start":{"line":81,"column":12},"end":{"line":81,"column":25}},"36":{"start":{"line":83,"column":12},"end":{"line":83,"column":92}},"37":{"start":{"line":84,"column":12},"end":{"line":84,"column":24}},"38":{"start":{"line":89,"column":32},"end":{"line":92,"column":9}},"39":{"start":{"line":94,"column":30},"end":{"line":97,"column":9}},"40":{"start":{"line":98,"column":8},"end":{"line":98,"column":93}},"41":{"start":{"line":102,"column":12},"end":{"line":102,"column":42}},"42":{"start":{"line":106,"column":27},"end":{"line":106,"column":64}},"43":{"start":{"line":107,"column":12},"end":{"line":114,"column":9}},"44":{"start":{"line":108,"column":12},"end":{"line":108,"column":54}},"45":{"start":{"line":109,"column":12},"end":{"line":109,"column":49}},"46":{"start":{"line":110,"column":12},"end":{"line":110,"column":24}},"47":{"start":{"line":112,"column":12},"end":{"line":112,"column":57}},"48":{"start":{"line":113,"column":12},"end":{"line":113,"column":25}},"49":{"start":{"line":118,"column":0},"end":{"line":118,"column":27}}},"fnMap":{"0":{"name":"(anonymous_0)","decl":{"start":{"line":14,"column":4},"end":{"line":14,"column":5}},"loc":{"start":{"line":14,"column":70},"end":{"line":27,"column":5}},"line":14},"1":{"name":"(anonymous_1)","decl":{"start":{"line":30,"column":4},"end":{"line":30,"column":5}},"loc":{"start":{"line":30,"column":38},"end":{"line":32,"column":5}},"line":30},"2":{"name":"(anonymous_2)","decl":{"start":{"line":34,"column":4},"end":{"line":34,"column":5}},"loc":{"start":{"line":34,"column":38},"end":{"line":44,"column":5}},"line":34},"3":{"name":"(anonymous_3)","decl":{"start":{"line":46,"column":4},"end":{"line":46,"column":5}},"loc":{"start":{"line":46,"column":32},"end":{"line":48,"column":5}},"line":46},"4":{"name":"(anonymous_4)","decl":{"start":{"line":50,"column":4},"end":{"line":50,"column":5}},"loc":{"start":{"line":50,"column":32},"end":{"line":60,"column":5}},"line":50},"5":{"name":"(anonymous_5)","decl":{"start":{"line":62,"column":4},"end":{"line":62,"column":5}},"loc":{"start":{"line":62,"column":31},"end":{"line":64,"column":5}},"line":62},"6":{"name":"(anonymous_6)","decl":{"start":{"line":66,"column":4},"end":{"line":66,"column":5}},"loc":{"start":{"line":66,"column":40},"end":{"line":69,"column":5}},"line":66},"7":{"name":"(anonymous_7)","decl":{"start":{"line":71,"column":4},"end":{"line":71,"column":5}},"loc":{"start":{"line":71,"column":30},"end":{"line":86,"column":5}},"line":71},"8":{"name":"(anonymous_8)","decl":{"start":{"line":73,"column":40},"end":{"line":73,"column":41}},"loc":{"start":{"line":73,"column":51},"end":{"line":77,"column":9}},"line":73},"9":{"name":"(anonymous_9)","decl":{"start":{"line":88,"column":4},"end":{"line":88,"column":5}},"loc":{"start":{"line":88,"column":60},"end":{"line":99,"column":5}},"line":88},"10":{"name":"(anonymous_10)","decl":{"start":{"line":101,"column":4},"end":{"line":101,"column":5}},"loc":{"start":{"line":101,"column":24},"end":{"line":103,"column":9}},"line":101},"11":{"name":"(anonymous_11)","decl":{"start":{"line":105,"column":4},"end":{"line":105,"column":5}},"loc":{"start":{"line":105,"column":21},"end":{"line":115,"column":5}},"line":105}},"branchMap":{"0":{"loc":{"start":{"line":36,"column":8},"end":{"line":43,"column":9}},"type":"if","locations":[{"start":{"line":36,"column":8},"end":{"line":43,"column":9}},{"start":{"line":40,"column":15},"end":{"line":43,"column":9}}],"line":36},"1":{"loc":{"start":{"line":52,"column":8},"end":{"line":59,"column":9}},"type":"if","locations":[{"start":{"line":52,"column":8},"end":{"line":59,"column":9}},{"start":{"line":56,"column":15},"end":{"line":59,"column":9}}],"line":52},"2":{"loc":{"start":{"line":74,"column":12},"end":{"line":76,"column":13}},"type":"if","locations":[{"start":{"line":74,"column":12},"end":{"line":76,"column":13}},{"start":{},"end":{}}],"line":74},"3":{"loc":{"start":{"line":74,"column":16},"end":{"line":74,"column":95}},"type":"binary-expr","locations":[{"start":{"line":74,"column":16},"end":{"line":74,"column":45}},{"start":{"line":74,"column":49},"end":{"line":74,"column":95}}],"line":74},"4":{"loc":{"start":{"line":79,"column":8},"end":{"line":85,"column":9}},"type":"if","locations":[{"start":{"line":79,"column":8},"end":{"line":85,"column":9}},{"start":{"line":82,"column":15},"end":{"line":85,"column":9}}],"line":79},"5":{"loc":{"start":{"line":107,"column":12},"end":{"line":114,"column":9}},"type":"if","locations":[{"start":{"line":107,"column":12},"end":{"line":114,"column":9}},{"start":{"line":111,"column":15},"end":{"line":114,"column":9}}],"line":107}},"s":{"0":2,"1":2,"2":6,"3":6,"4":6,"5":6,"6":6,"7":6,"8":6,"9":6,"10":6,"11":1,"12":1,"13":1,"14":0,"15":0,"16":0,"17":1,"18":1,"19":1,"20":1,"21":1,"22":0,"23":0,"24":0,"25":1,"26":1,"27":0,"28":0,"29":0,"30":0,"31":0,"32":0,"33":0,"34":0,"35":0,"36":0,"37":0,"38":1,"39":1,"40":1,"41":0,"42":0,"43":0,"44":0,"45":0,"46":0,"47":0,"48":0,"49":2},"f":{"0":6,"1":1,"2":1,"3":1,"4":1,"5":0,"6":0,"7":0,"8":0,"9":1,"10":0,"11":0},"b":{"0":[0,1],"1":[0,1],"2":[0,0],"3":[0,0],"4":[0,0],"5":[0,0]},"_coverageSchema":"1a1c01bbd47fc00a2c39e90264f33305004495a9","hash":"f5da90b14292696f84da84898bcd5ab5d2306b2e"}
}
