TN:
SF:src\evento\evento.js
FN:8,(anonymous_0)
FN:15,(anonymous_1)
FN:16,(anonymous_2)
FN:25,(anonymous_3)
FN:37,(anonymous_4)
FN:41,(anonymous_5)
FN:45,(anonymous_6)
FNF:7
FNH:7
FNDA:7,(anonymous_0)
FNDA:2,(anonymous_1)
FNDA:2,(anonymous_2)
FNDA:1,(anonymous_3)
FNDA:1,(anonymous_4)
FNDA:1,(anonymous_5)
FNDA:1,(anonymous_6)
DA:3,7
DA:6,3
DA:9,7
DA:10,7
DA:11,7
DA:12,7
DA:16,2
DA:17,0
DA:18,0
DA:20,2
DA:21,2
DA:26,1
DA:27,1
DA:28,1
DA:29,1
DA:30,1
DA:32,0
DA:33,0
DA:38,1
DA:42,1
DA:46,1
DA:47,1
DA:48,1
DA:49,1
DA:50,1
DA:52,0
DA:53,0
DA:58,3
LF:28
LH:22
BRDA:16,0,0,0
BRDA:16,0,1,2
BRDA:27,1,0,1
BRDA:27,1,1,0
BRDA:47,2,0,1
BRDA:47,2,1,0
BRF:6
BRH:3
end_of_record
TN:
SF:src\mentoria\mentoria.js
FN:7,(anonymous_0)
FNF:1
FNH:1
FNDA:2,(anonymous_0)
DA:1,2
DA:8,2
DA:9,2
DA:10,2
DA:14,2
LF:5
LH:5
BRF:0
BRH:0
end_of_record
TN:
SF:src\usuaria\usuaria.js
FN:14,(anonymous_0)
FN:30,(anonymous_1)
FN:34,(anonymous_2)
FN:46,(anonymous_3)
FN:50,(anonymous_4)
FN:62,(anonymous_5)
FN:66,(anonymous_6)
FN:71,(anonymous_7)
FN:73,(anonymous_8)
FN:88,(anonymous_9)
FN:101,(anonymous_10)
FN:105,(anonymous_11)
FNF:12
FNH:6
FNDA:6,(anonymous_0)
FNDA:1,(anonymous_1)
FNDA:1,(anonymous_2)
FNDA:1,(anonymous_3)
FNDA:1,(anonymous_4)
FNDA:0,(anonymous_5)
FNDA:0,(anonymous_6)
FNDA:0,(anonymous_7)
FNDA:0,(anonymous_8)
FNDA:1,(anonymous_9)
FNDA:0,(anonymous_10)
FNDA:0,(anonymous_11)
DA:1,2
DA:12,2
DA:15,6
DA:16,6
DA:17,6
DA:18,6
DA:19,6
DA:20,6
DA:21,6
DA:22,6
DA:23,6
DA:31,1
DA:35,1
DA:36,1
DA:37,0
DA:38,0
DA:39,0
DA:41,1
DA:42,1
DA:47,1
DA:51,1
DA:52,1
DA:53,0
DA:54,0
DA:55,0
DA:57,1
DA:58,1
DA:63,0
DA:67,0
DA:68,0
DA:73,0
DA:74,0
DA:75,0
DA:79,0
DA:80,0
DA:81,0
DA:83,0
DA:84,0
DA:89,1
DA:94,1
DA:98,1
DA:102,0
DA:106,0
DA:107,0
DA:108,0
DA:109,0
DA:110,0
DA:112,0
DA:113,0
DA:118,2
LF:50
LH:25
BRDA:36,0,0,0
BRDA:36,0,1,1
BRDA:52,1,0,0
BRDA:52,1,1,1
BRDA:74,2,0,0
BRDA:74,2,1,0
BRDA:74,3,0,0
BRDA:74,3,1,0
BRDA:79,4,0,0
BRDA:79,4,1,0
BRDA:107,5,0,0
BRDA:107,5,1,0
BRF:12
BRH:2
end_of_record
